INFO 2020-11-17 20:06:11,559 root : Сервер доступний. Час на сервері: test1
INFO 2020-11-17 20:06:11,560 root : Запитувана сторінка: : test2
INFO 2020-11-17 20:06:11,560 root : Відповідь сервера місти наступні поля:
INFO 2020-11-17 20:06:11,560 root : Ключ: date, Значення: test1
INFO 2020-11-17 20:06:11,560 root : Ключ: current_page, Значення: test2
INFO 2020-11-17 20:06:11,560 root : Ключ: server_info, Значення: test3
INFO 2020-11-17 20:06:11,560 root : Ключ: client_info, Значення: test4
INFO 2020-11-17 22:53:18,338 root : Сервер доступний. Час на сервері: 2020-11-17T20:53:18.337550
INFO 2020-11-17 22:53:18,339 root : Запитувана сторінка: : http://localhost:8000/health/
INFO 2020-11-17 22:53:18,339 root : Відповідь сервера місти наступні поля:
INFO 2020-11-17 22:53:18,339 root : Ключ: date, Значення: 2020-11-17T20:53:18.337550
INFO 2020-11-17 22:53:18,339 root : Ключ: current_page, Значення: http://localhost:8000/health/
INFO 2020-11-17 22:53:18,339 root : Ключ: name_of_server, Значення: Lab3
INFO 2020-11-17 22:53:18,339 root : Ключ: info_about_server, Значення: {'system': 'posix', 'user': 'youra', 'srv_pid': 13647}
INFO 2020-11-17 22:53:18,339 root : Ключ: info_about_client, Значення: {'user agent': 'python-requests/2.22.0', 'remote addr': '127.0.0.1', 'remote host': ''}
INFO 2020-11-17 22:54:18,364 root : Сервер доступний. Час на сервері: 2020-11-17T20:54:18.363639
INFO 2020-11-17 22:54:18,364 root : Запитувана сторінка: : http://localhost:8000/health/
INFO 2020-11-17 22:54:18,364 root : Відповідь сервера місти наступні поля:
INFO 2020-11-17 22:54:18,364 root : Ключ: date, Значення: 2020-11-17T20:54:18.363639
INFO 2020-11-17 22:54:18,364 root : Ключ: current_page, Значення: http://localhost:8000/health/
INFO 2020-11-17 22:54:18,364 root : Ключ: name_of_server, Значення: Lab3
INFO 2020-11-17 22:54:18,364 root : Ключ: info_about_server, Значення: {'system': 'posix', 'user': 'youra', 'srv_pid': 13647}
INFO 2020-11-17 22:54:18,364 root : Ключ: info_about_client, Значення: {'user agent': 'python-requests/2.22.0', 'remote addr': '127.0.0.1', 'remote host': ''}
INFO 2020-11-17 22:55:18,432 root : Сервер доступний. Час на сервері: 2020-11-17T20:55:18.431282
INFO 2020-11-17 22:55:18,432 root : Запитувана сторінка: : http://localhost:8000/health/
INFO 2020-11-17 22:55:18,432 root : Відповідь сервера місти наступні поля:
INFO 2020-11-17 22:55:18,433 root : Ключ: date, Значення: 2020-11-17T20:55:18.431282
INFO 2020-11-17 22:55:18,433 root : Ключ: current_page, Значення: http://localhost:8000/health/
INFO 2020-11-17 22:55:18,433 root : Ключ: name_of_server, Значення: Lab3
INFO 2020-11-17 22:55:18,433 root : Ключ: info_about_server, Значення: {'system': 'posix', 'user': 'youra', 'srv_pid': 13647}
INFO 2020-11-17 22:55:18,433 root : Ключ: info_about_client, Значення: {'user agent': 'python-requests/2.22.0', 'remote addr': '127.0.0.1', 'remote host': ''}
ERROR 2020-11-17 22:56:18,472 root : Can`t connect to this server: HTTPConnectionPool(host='localhost', port=8000): Max retries exceeded with url: /health (Caused by NewConnectionError('<urllib3.connection.HTTPConnection object at 0x7fa3252fb4c0>: Failed to establish a new connection: [Errno 111] Connection refused'))
